0 info it worked if it ends with ok
1 verbose cli [ '/Users/michaeltalbot/.nvm/versions/node/v7.2.1/bin/node',
1 verbose cli   '/Users/michaeltalbot/.nvm/versions/node/v7.2.1/bin/npm',
1 verbose cli   'start' ]
2 info using npm@3.10.10
3 info using node@v7.2.1
4 verbose run-script [ 'prestart', 'start', 'poststart' ]
5 info lifecycle PlayCanvasEditorPlus@1.0.2~prestart: PlayCanvasEditorPlus@1.0.2
6 silly lifecycle PlayCanvasEditorPlus@1.0.2~prestart: no script for prestart, continuing
7 info lifecycle PlayCanvasEditorPlus@1.0.2~start: PlayCanvasEditorPlus@1.0.2
8 verbose lifecycle PlayCanvasEditorPlus@1.0.2~start: unsafe-perm in lifecycle true
9 verbose lifecycle PlayCanvasEditorPlus@1.0.2~start: PATH: /Users/michaeltalbot/.nvm/versions/node/v7.2.1/lib/node_modules/npm/bin/node-gyp-bin:/Users/michaeltalbot/Documents/development/playcanvas-editor-plus/node_modules/.bin:/Users/michaeltalbot/.rvm/gems/ruby-2.3.0/bin:/Users/michaeltalbot/.rvm/gems/ruby-2.3.0@global/bin:/Users/michaeltalbot/.rvm/rubies/ruby-2.3.0/bin:/opt/local/bin:/opt/local/sbin:/Users/michaeltalbot/.nvm/versions/node/v7.2.1/bin:/usr/local/bin:/usr/local/sbin:usr/local/mysql/bin:/usr/local/bin:/usr/bin:/bin:/usr/sbin:/sbin:/opt/X11/bin:/Users/michaeltalbot/.rvm/bin
10 verbose lifecycle PlayCanvasEditorPlus@1.0.2~start: CWD: /Users/michaeltalbot/Documents/development/playcanvas-editor-plus
11 silly lifecycle PlayCanvasEditorPlus@1.0.2~start: Args: [ '-c', 'webpack-dev-server --https --hot --port 8081' ]
12 silly lifecycle PlayCanvasEditorPlus@1.0.2~start: Returned: code: 1  signal: null
13 info lifecycle PlayCanvasEditorPlus@1.0.2~start: Failed to exec start script
14 verbose stack Error: PlayCanvasEditorPlus@1.0.2 start: `webpack-dev-server --https --hot --port 8081`
14 verbose stack Exit status 1
14 verbose stack     at EventEmitter.<anonymous> (/Users/michaeltalbot/.nvm/versions/node/v7.2.1/lib/node_modules/npm/lib/utils/lifecycle.js:255:16)
14 verbose stack     at emitTwo (events.js:106:13)
14 verbose stack     at EventEmitter.emit (events.js:191:7)
14 verbose stack     at ChildProcess.<anonymous> (/Users/michaeltalbot/.nvm/versions/node/v7.2.1/lib/node_modules/npm/lib/utils/spawn.js:40:14)
14 verbose stack     at emitTwo (events.js:106:13)
14 verbose stack     at ChildProcess.emit (events.js:191:7)
14 verbose stack     at maybeClose (internal/child_process.js:885:16)
14 verbose stack     at Process.ChildProcess._handle.onexit (internal/child_process.js:226:5)
15 verbose pkgid PlayCanvasEditorPlus@1.0.2
16 verbose cwd /Users/michaeltalbot/Documents/development/playcanvas-editor-plus
17 error Darwin 16.7.0
18 error argv "/Users/michaeltalbot/.nvm/versions/node/v7.2.1/bin/node" "/Users/michaeltalbot/.nvm/versions/node/v7.2.1/bin/npm" "start"
19 error node v7.2.1
20 error npm  v3.10.10
21 error code ELIFECYCLE
22 error PlayCanvasEditorPlus@1.0.2 start: `webpack-dev-server --https --hot --port 8081`
22 error Exit status 1
23 error Failed at the PlayCanvasEditorPlus@1.0.2 start script 'webpack-dev-server --https --hot --port 8081'.
23 error Make sure you have the latest version of node.js and npm installed.
23 error If you do, this is most likely a problem with the PlayCanvasEditorPlus package,
23 error not with npm itself.
23 error Tell the author that this fails on your system:
23 error     webpack-dev-server --https --hot --port 8081
23 error You can get information on how to open an issue for this project with:
23 error     npm bugs PlayCanvasEditorPlus
23 error Or if that isn't available, you can get their info via:
23 error     npm owner ls PlayCanvasEditorPlus
23 error There is likely additional logging output above.
24 verbose exit [ 1, true ]
